# Time: 2019-10-10T01:23:34.437262+08:00
# Txn_start_ts: 411734327725654016
# Query_time: 0.31415633
# Request_count: 2
# Index_ids: [1]
# Is_internal: true
# Digest: 7d757d38b465483f07a597132f3a973125e78d6db2f42a0d1d8c7c0ec575f500
# Stats: GLOBAL_VARIABLES:pseudo
# Num_cop_tasks: 2
# Cop_proc_avg: 0 Cop_proc_p90: 0 Cop_proc_max: 0 Cop_proc_addr: store1
# Cop_wait_avg: 0 Cop_wait_p90: 0 Cop_wait_max: 0 Cop_wait_addr: store1
# Mem_max: 9248
select variable_name, variable_value from mysql.global_variables where variable_name in ('tidb_auto_analyze_ratio', 'tidb_auto_analyze_start_time', 'tidb_auto_analyze_end_time');
# Time: 2019-10-10T01:23:34.43876+08:00
# Txn_start_ts: 411734327735615488
# Query_time: 0.301539165
# Request_count: 1
# Index_ids: [2]
# Is_internal: true
# Digest: 28a4a8e02337290d2dbc6e123f8b3abf1aabd02f3dedbaf4fd0783ae118f7f8a
# Stats: bind_info:pseudo
# Num_cop_tasks: 1
# Cop_proc_avg: 0 Cop_proc_p90: 0 Cop_proc_max: 0 Cop_proc_addr: store1
# Cop_wait_avg: 0 Cop_wait_p90: 0 Cop_wait_max: 0 Cop_wait_addr: store1
# Mem_max: 124
select original_sql, bind_sql, default_db, status, create_time, update_time, charset, collation from mysql.bind_info where update_time >= "0000-00-00 00:00:00";
